00:00:00.431945 VirtualBox GUI VM Selector Window 7.0.18 r162988 linux.amd64 (May  3 2024 17:29:05) release log
00:00:00.431947 Log opened 2024-05-26T15:08:26.880691000Z
00:00:00.431947 Build Type: release
00:00:00.431949 OS Product: Linux
00:00:00.431950 OS Release: 6.6.31-2-lts
00:00:00.431952 OS Version: #1 SMP PREEMPT_DYNAMIC Wed, 22 May 2024 13:47:12 +0000
00:00:00.431975 DMI Product Name: Default string
00:00:00.431984 DMI Product Version: Default string
00:00:00.431993 Firmware type: BIOS
00:00:00.432027 Host RAM: 31989MB (31.2GB) total, 27585MB (26.9GB) available
00:00:00.432030 Executable: /usr/lib/virtualbox/VirtualBox
00:00:00.432031 Process ID: 96943
00:00:00.432031 Package type: LINUX_64BITS_GENERIC (OSE)
00:00:00.432230 Qt version: 5.15.13
00:00:00.433115 GUI: UIMediumEnumerator: Initial medium-enumeration finished!
00:00:00.436687 GUI: UIMediumEnumerator: Medium-enumeration started...
00:00:00.436702 GUI: UIMediumEnumerator: Medium-enumeration finished!
00:00:01.110603 GUI: UIDesktopWidgetWatchdog::sltHandleHostScreenAvailableGeometryCalculated: Screen 0 work area is actually resized to: 0x0 x 2560x1080
00:00:28.605855 GUI: UICommon: Handling aboutToQuit request..
00:00:29.488281 GUI: UICommon: aboutToQuit request handled!
