00:00:00.000211 main     VirtualBox XPCOM Server 7.0.18 r162988 linux.amd64 (May  3 2024 17:29:05) release log
00:00:00.000214 main     Log opened 2024-05-26T15:08:26.715188000Z
00:00:00.000214 main     Build Type: release
00:00:00.000216 main     OS Product: Linux
00:00:00.000217 main     OS Release: 6.6.31-2-lts
00:00:00.000219 main     OS Version: #1 SMP PREEMPT_DYNAMIC Wed, 22 May 2024 13:47:12 +0000
00:00:00.000241 main     DMI Product Name: Default string
00:00:00.000250 main     DMI Product Version: Default string
00:00:00.000256 main     Firmware type: BIOS
00:00:00.000287 main     Host RAM: 31989MB (31.2GB) total, 27605MB (26.9GB) available
00:00:00.000290 main     Executable: /usr/lib/virtualbox/VBoxSVC
00:00:00.000290 main     Process ID: 96975
00:00:00.000291 main     Package type: LINUX_64BITS_GENERIC (OSE)
00:00:00.001787 main     IPC socket path: /tmp/.vbox-marcelo-ipc/ipcd
00:00:00.107298 nspr-2   VirtualBox: object creation starts
00:00:00.107421 nspr-2   Home directory: '/home/marcelo/.config/VirtualBox'
00:00:00.107567 nspr-2   Loading settings file "/home/marcelo/.config/VirtualBox/VirtualBox.xml" with version "1.12-linux"
00:00:00.121811 nspr-2   HostDnsMonitor: initializing
00:00:00.121993 nspr-2   NAT: resolv.conf: nameserver 192.168.1.252
00:00:00.122013 nspr-2   NAT: resolv.conf: FIXME: ignoring IPv6 zone %enp6s0
00:00:00.122017 nspr-2   NAT: resolv.conf: nameserver fe80::1
00:00:00.122021 nspr-2   NAT: resolv.conf: nameserver 2804:d55:100::5
00:00:00.122025 nspr-2   NAT: resolv.conf: too many nameserver lines, ignoring 2804:d59:100::5
00:00:00.122040 nspr-2   HostDnsMonitor: updating information
00:00:00.122052 nspr-2   HostDnsMonitor: old information
00:00:00.122054 nspr-2     no server entries
00:00:00.122057 nspr-2     no domain set
00:00:00.122059 nspr-2     no search string entries
00:00:00.122061 nspr-2   HostDnsMonitor: new information
00:00:00.122063 nspr-2     server 1: 192.168.1.252
00:00:00.122066 nspr-2     server 2: fe80::1%enp6s0
00:00:00.122068 nspr-2     server 3: 2804:d55:100::5
00:00:00.122071 nspr-2     no domain set
00:00:00.122073 nspr-2     no search string entries
00:00:00.124106 nspr-2   VD: VDInit finished with VINF_SUCCESS
00:00:00.126064 nspr-2   OCI: Local config file '/home/marcelo/.config/VirtualBox/oci_config' does not exist
00:00:00.126080 nspr-2   OCI: Original config file '/home/marcelo/.oci/config' does not exist
00:00:00.126083 nspr-2   OCI: Reading profiles finished with status NS_OK
00:00:00.126087 nspr-2   ExtPack: Created cloud provider 'OCI' (hrc=NS_OK)
00:00:00.126120 nspr-2   VirtualBox: object created
00:00:00.892786 nspr-2   WARNING [COM]: aRC=NS_ERROR_FAILURE (0x80004005) aIID={e54f6256-97a7-4947-8a78-10c013ddf4b8} aComponent={HostWrap} aText={VirtualBox is not currently allowed to access USB devices.  You can change this by adding your user to the 'vboxusers' group.  Please see the user manual for a more detailed explanation}, preserve=false aResultDetail=0
00:00:34.202346 main     VirtualBox: object deletion starts
00:00:34.202751 main     HostDnsMonitor: shutting down ...
00:00:34.213298 main     HostDnsMonitor: shut down
00:00:34.223892 Watcher  ERROR [COM]: aRC=E_ACCESSDENIED (0x80070005) aIID={7682d5eb-f00e-44f1-8ca2-99d08b1cd607} aComponent={VirtualBoxWrap} aText={The object is not ready}, preserve=false aResultDetail=0
00:00:34.224020 main     VirtualBox: object deleted
